#-----------------------------------------------------------
# Vivado v2018.2 (64-bit)
# SW Build 2258646 on Thu Jun 14 20:03:12 MDT 2018
# IP Build 2256618 on Thu Jun 14 22:10:49 MDT 2018
# Start of session at: Sat Apr  3 09:56:17 2021
# Process ID: 23388
# Current directory: C:/Users/chris/Documents/chrisnge4/SoundDisplay
# Command line: vivado.exe -gui_launcher_event rodinguilauncherevent17212 C:\Users\chris\Documents\chrisnge4\SoundDisplay\SoundDisplay.xpr
# Log file: C:/Users/chris/Documents/chrisnge4/SoundDisplay/vivado.log
# Journal file: C:/Users/chris/Documents/chrisnge4/SoundDisplay\vivado.jou
#-----------------------------------------------------------
start_gui
open_project C:/Users/chris/Documents/chrisnge4/SoundDisplay/SoundDisplay.xpr
INFO: [Project 1-313] Project file moved from 'C:/Users/chris/AppData/Roaming/Xilinx/Vivado/.Xil/Vivado-17576-DESKTOP-VBGPVPE/PrjAr/_X_' since last save.
Scanning sources...
Finished scanning sources
INFO: [IP_Flow 19-234] Refreshing IP repositories
INFO: [IP_Flow 19-1704] No user IP repositories specified
INFO: [IP_Flow 19-2313] Loaded Vivado IP repository 'C:/Xilinx/Vivado/2018.2/data/ip'.
open_project: Time (s): cpu = 00:00:18 ; elapsed = 00:00:08 . Memory (MB): peak = 907.363 ; gain = 161.957
update_compile_order -fileset sources_1
archive_project {C:/Users/chris/Documents/chrisnge4/S5_16_Christopher Nge Jing Qi_Christopher TzeWen Langton_Archive.xpr.zip} -temp_dir C:/Users/chris/Documents/chrisnge4/SoundDisplay/.Xil/Vivado-23388-DESKTOP-NCF6GJG -force -include_local_ip_cache -include_config_settings
INFO: [Coretcl 2-137] starting archive...
INFO: [Coretcl 2-1499] Saving project copy to temporary location 'C:/Users/chris/Documents/chrisnge4/SoundDisplay/.Xil/Vivado-23388-DESKTOP-NCF6GJG' for archiving project
Scanning sources...
Finished scanning sources
INFO: [Coretcl 2-1211] Creating project copy for archival...
INFO: [ProjectBase 1-495] The host OS only allows 260 characters in a normal path. The project is stored in a path with more than 80 characters. If you experience any problem with archiving the project, please consider setting environment variable $TEMP to a shorter path.
Current project path is 'C:/Users/chris/Documents/chrisnge4/SoundDisplay/.Xil/Vivado-23388-DESKTOP-NCF6GJG/PrjAr/_X_'.
INFO: [Coretcl 2-1213] Including run results for 'synth_1'
INFO: [Coretcl 2-1213] Including run results for 'impl_1'
INFO: [Coretcl 2-1212] Importing remotely added design sources and verilog include files (if any)...
INFO: [filemgmt 20-334] All file(s) are already imported in fileset: 'constrs_1'
INFO: [filemgmt 20-348] Importing the appropriate files for fileset: 'constrs_1'
INFO: [filemgmt 20-348] Importing the appropriate files for fileset: 'sources_1'
INFO: [Coretcl 2-1209] Adding archive summary file to the project...
INFO: [Coretcl 2-1214] Preparing project files for archive...
INFO: [Coretcl 2-1210] Compressing project files and data...
INFO: [Coretcl 2-1215] Project archived (C:/Users/chris/Documents/chrisnge4/S5_16_Christopher Nge Jing Qi_Christopher TzeWen Langton_Archive.xpr.zip)
INFO: [Coretcl 2-1216] To view the archive summary log in GUI, double click on 'Design Sources->Text->archive_project_summary.txt', or open this file from the archived project directory.
archive_project: Time (s): cpu = 00:00:05 ; elapsed = 00:00:05 . Memory (MB): peak = 923.973 ; gain = 13.242
reset_run synth_1
launch_runs impl_1 -to_step write_bitstream -jobs 4
[Sat Apr  3 10:01:37 2021] Launched synth_1...
Run output will be captured here: C:/Users/chris/Documents/chrisnge4/SoundDisplay/SoundDisplay.runs/synth_1/runme.log
[Sat Apr  3 10:01:37 2021] Launched impl_1...
Run output will be captured here: C:/Users/chris/Documents/chrisnge4/SoundDisplay/SoundDisplay.runs/impl_1/runme.log
archive_project {C:/Users/chris/Documents/S5_16_Christopher Nge Jing Qi_Christopher TzeWen Langton_Archive.xpr.zip} -temp_dir C:/Users/chris/Documents/chrisnge4/SoundDisplay/.Xil/Vivado-23388-DESKTOP-NCF6GJG -force -include_local_ip_cache -include_config_settings
INFO: [Coretcl 2-137] starting archive...
INFO: [Coretcl 2-1499] Saving project copy to temporary location 'C:/Users/chris/Documents/chrisnge4/SoundDisplay/.Xil/Vivado-23388-DESKTOP-NCF6GJG' for archiving project
Scanning sources...
Finished scanning sources
INFO: [Coretcl 2-1211] Creating project copy for archival...
INFO: [ProjectBase 1-495] The host OS only allows 260 characters in a normal path. The project is stored in a path with more than 80 characters. If you experience any problem with archiving the project, please consider setting environment variable $TEMP to a shorter path.
Current project path is 'C:/Users/chris/Documents/chrisnge4/SoundDisplay/.Xil/Vivado-23388-DESKTOP-NCF6GJG/PrjAr/_X_'.
INFO: [Coretcl 2-1213] Including run results for 'synth_1'
INFO: [Coretcl 2-1213] Including run results for 'impl_1'
INFO: [Coretcl 2-1212] Importing remotely added design sources and verilog include files (if any)...
INFO: [filemgmt 20-334] All file(s) are already imported in fileset: 'constrs_1'
INFO: [filemgmt 20-348] Importing the appropriate files for fileset: 'constrs_1'
INFO: [filemgmt 20-348] Importing the appropriate files for fileset: 'sources_1'
